# JRE version: Java(TM) SE Runtime Environment (24.0.1+9) (build 24.0.1+9-30)
# Java VM: Java HotSpot(TM) 64-Bit Server VM (24.0.1+9-30, mixed mode, sharing, tiered, compressed oops, compressed class ptrs, g1 gc, windows-amd64)
GC Precious Log:
 CardTable entry size: 512
 Card Set container configuration: InlinePtr #cards 5 size 8 Array Of Cards #cards 10 size 36 Howl #buckets 4 coarsen threshold 1843 Howl Bitmap #cards 512 size 80 coarsen threshold 460 Card regions per heap region 1 cards per card region 2048
 CPUs: 8 total, 8 available
 Memory: 8026M
 Large Page Support: Disabled
 NUMA Support: Disabled
 Compressed Oops: Enabled (32-bit)
 Heap Region Size: 1M
 Heap Min Capacity: 8M
 Heap Initial Capacity: 126M
 Heap Max Capacity: 2G
 Pre-touch: Disabled
 Parallel Workers: 8
 Concurrent Workers: 2
 Concurrent Refinement Workers: 8
 Periodic GC: Disabled
Heap:
 garbage-first heap   total reserved 2097152K, committed 102400K, used 70191K [0x0000000080000000, 0x0000000100000000)
  region size 1024K, 11 young (11264K), 4 survivors (4096K)
 Metaspace       used 68699K, committed 70976K, reserved 1114112K
  class space    used 8054K, committed 9088K, reserved 1048576K
GC Heap History (20 events):
Event: 13.668 GC heap before
{Heap before GC invocations=9 (full 0):
 garbage-first heap   total reserved 2097152K, committed 97280K, used 80183K [0x0000000080000000, 0x0000000100000000)
  region size 1024K, 51 young (52224K), 4 survivors (4096K)
 Metaspace       used 38979K, committed 40640K, reserved 1114112K
  class space    used 4538K, committed 5312K, reserved 1048576K
}
Event: 13.676 GC heap after
{Heap after GC invocations=10 (full 0):
 garbage-first heap   total reserved 2097152K, committed 97280K, used 35656K [0x0000000080000000, 0x0000000100000000)
  region size 1024K, 7 young (7168K), 7 survivors (7168K)
 Metaspace       used 38979K, committed 40640K, reserved 1114112K
  class space    used 4538K, committed 5312K, reserved 1048576K
}
Event: 15.404 GC heap before
{Heap before GC invocations=10 (full 0):
 garbage-first heap   total reserved 2097152K, committed 97280K, used 81736K [0x0000000080000000, 0x0000000100000000)
  region size 1024K, 52 young (53248K), 7 survivors (7168K)
 Metaspace       used 43845K, committed 45568K, reserved 1114112K
  class space    used 5222K, committed 6016K, reserved 1048576K
}
Event: 15.416 GC heap after
{Heap after GC invocations=11 (full 0):
 garbage-first heap   total reserved 2097152K, committed 97280K, used 37888K [0x0000000080000000, 0x0000000100000000)
  region size 1024K, 6 young (6144K), 6 survivors (6144K)
 Metaspace       used 43845K, committed 45568K, reserved 1114112K
  class space    used 5222K, committed 6016K, reserved 1048576K
}
Event: 17.714 GC heap before
{Heap before GC invocations=11 (full 0):
 garbage-first heap   total reserved 2097152K, committed 97280K, used 83968K [0x0000000080000000, 0x0000000100000000)
  region size 1024K, 52 young (53248K), 6 survivors (6144K)
 Metaspace       used 46950K, committed 48832K, reserved 1114112K
  class space    used 5548K, committed 6400K, reserved 1048576K
}
Event: 17.734 GC heap after
{Heap after GC invocations=12 (full 0):
 garbage-first heap   total reserved 2097152K, committed 97280K, used 41140K [0x0000000080000000, 0x0000000100000000)
  region size 1024K, 6 young (6144K), 6 survivors (6144K)
 Metaspace       used 46950K, committed 48832K, reserved 1114112K
  class space    used 5548K, committed 6400K, reserved 1048576K
}
Event: 19.271 GC heap before
{Heap before GC invocations=12 (full 0):
 garbage-first heap   total reserved 2097152K, committed 97280K, used 84148K [0x0000000080000000, 0x0000000100000000)
  region size 1024K, 48 young (49152K), 6 survivors (6144K)
 Metaspace       used 52149K, committed 54208K, reserved 1114112K
  class space    used 6069K, committed 7040K, reserved 1048576K
}
Event: 19.282 GC heap after
{Heap after GC invocations=13 (full 0):
 garbage-first heap   total reserved 2097152K, committed 97280K, used 44685K [0x0000000080000000, 0x0000000100000000)
  region size 1024K, 6 young (6144K), 6 survivors (6144K)
 Metaspace       used 52149K, committed 54208K, reserved 1114112K
  class space    used 6069K, committed 7040K, reserved 1048576K
}
Event: 20.358 GC heap before
{Heap before GC invocations=13 (full 0):
 garbage-first heap   total reserved 2097152K, committed 97280K, used 83597K [0x0000000080000000, 0x0000000100000000)
  region size 1024K, 44 young (45056K), 6 survivors (6144K)
 Metaspace       used 55295K, committed 57344K, reserved 1114112K
  class space    used 6423K, committed 7360K, reserved 1048576K
}
Event: 20.368 GC heap after
{Heap after GC invocations=14 (full 0):
 garbage-first heap   total reserved 2097152K, committed 97280K, used 46994K [0x0000000080000000, 0x0000000100000000)
  region size 1024K, 6 young (6144K), 6 survivors (6144K)
 Metaspace       used 55295K, committed 57344K, reserved 1114112K
  class space    used 6423K, committed 7360K, reserved 1048576K
}
Event: 21.349 GC heap before
{Heap before GC invocations=14 (full 0):
 garbage-first heap   total reserved 2097152K, committed 97280K, used 83858K [0x0000000080000000, 0x0000000100000000)
  region size 1024K, 42 young (43008K), 6 survivors (6144K)
 Metaspace       used 57149K, committed 59200K, reserved 1114112K
  class space    used 6617K, committed 7616K, reserved 1048576K
}
Event: 21.364 GC heap after
{Heap after GC invocations=15 (full 0):
 garbage-first heap   total reserved 2097152K, committed 97280K, used 50609K [0x0000000080000000, 0x0000000100000000)
  region size 1024K, 6 young (6144K), 6 survivors (6144K)
 Metaspace       used 57149K, committed 59200K, reserved 1114112K
  class space    used 6617K, committed 7616K, reserved 1048576K
}
Event: 22.815 GC heap before
{Heap before GC invocations=15 (full 0):
 garbage-first heap   total reserved 2097152K, committed 97280K, used 73137K [0x0000000080000000, 0x0000000100000000)
  region size 1024K, 29 young (29696K), 6 survivors (6144K)
 Metaspace       used 58041K, committed 60096K, reserved 1114112K
  class space    used 6712K, committed 7680K, reserved 1048576K
}
Event: 22.827 GC heap after
{Heap after GC invocations=16 (full 0):
 garbage-first heap   total reserved 2097152K, committed 97280K, used 53264K [0x0000000080000000, 0x0000000100000000)
  region size 1024K, 4 young (4096K), 4 survivors (4096K)
 Metaspace       used 58041K, committed 60096K, reserved 1114112K
  class space    used 6712K, committed 7680K, reserved 1048576K
}
Event: 25.805 GC heap before
{Heap before GC invocations=17 (full 0):
 garbage-first heap   total reserved 2097152K, committed 97280K, used 86032K [0x0000000080000000, 0x0000000100000000)
  region size 1024K, 36 young (36864K), 4 survivors (4096K)
 Metaspace       used 63136K, committed 65280K, reserved 1114112K
  class space    used 7259K, committed 8256K, reserved 1048576K
}
Event: 25.814 GC heap after
{Heap after GC invocations=18 (full 0):
 garbage-first heap   total reserved 2097152K, committed 97280K, used 56427K [0x0000000080000000, 0x0000000100000000)
  region size 1024K, 4 young (4096K), 4 survivors (4096K)
 Metaspace       used 63136K, committed 65280K, reserved 1114112K
  class space    used 7259K, committed 8256K, reserved 1048576K
}
Event: 29.536 GC heap before
{Heap before GC invocations=18 (full 0):
 garbage-first heap   total reserved 2097152K, committed 97280K, used 85099K [0x0000000080000000, 0x0000000100000000)
  region size 1024K, 33 young (33792K), 4 survivors (4096K)
 Metaspace       used 64928K, committed 67072K, reserved 1114112K
  class space    used 7522K, committed 8512K, reserved 1048576K
}
Event: 29.546 GC heap after
{Heap after GC invocations=19 (full 0):
 garbage-first heap   total reserved 2097152K, committed 97280K, used 58684K [0x0000000080000000, 0x0000000100000000)
  region size 1024K, 3 young (3072K), 3 survivors (3072K)
 Metaspace       used 64928K, committed 67072K, reserved 1114112K
  class space    used 7522K, committed 8512K, reserved 1048576K
}
Event: 33.310 GC heap before
{Heap before GC invocations=19 (full 0):
 garbage-first heap   total reserved 2097152K, committed 97280K, used 86332K [0x0000000080000000, 0x0000000100000000)
  region size 1024K, 31 young (31744K), 3 survivors (3072K)
 Metaspace       used 67680K, committed 69888K, reserved 1114112K
  class space    used 7893K, committed 8960K, reserved 1048576K
}
Event: 33.322 GC heap after
{Heap after GC invocations=20 (full 0):
 garbage-first heap   total reserved 2097152K, committed 97280K, used 60054K [0x0000000080000000, 0x0000000100000000)
  region size 1024K, 3 young (3072K), 3 survivors (3072K)
 Metaspace       used 67680K, committed 69888K, reserved 1114112K
  class space    used 7893K, committed 8960K, reserved 1048576K
}

